0 info it worked if it ends with ok
1 verbose cli [ '/Users/zhaoqian/.nvm/versions/node/v6.9.2/bin/node',
1 verbose cli   '/Users/zhaoqian/.nvm/versions/node/v6.9.2/bin/npm',
1 verbose cli   'i',
1 verbose cli   'lessc',
1 verbose cli   'build/build_standalone.less',
1 verbose cli   'datetimepicker.css' ]
2 info using npm@3.10.9
3 info using node@v6.9.2
4 silly loadCurrentTree Starting
5 silly install loadCurrentTree
6 silly install readLocalPackageData
7 silly fetchPackageMetaData lessc
8 silly fetchPackageMetaData build/build_standalone.less
9 silly fetchPackageMetaData datetimepicker.css
10 silly fetchNamedPackageData lessc
11 silly mapToRegistry name lessc
12 silly mapToRegistry using default registry
13 silly mapToRegistry registry https://registry.npmjs.org/
14 silly mapToRegistry data Result {
14 silly mapToRegistry   raw: 'lessc',
14 silly mapToRegistry   scope: null,
14 silly mapToRegistry   escapedName: 'lessc',
14 silly mapToRegistry   name: 'lessc',
14 silly mapToRegistry   rawSpec: '',
14 silly mapToRegistry   spec: 'latest',
14 silly mapToRegistry   type: 'tag' }
15 silly mapToRegistry uri https://registry.npmjs.org/lessc
16 silly fetchOtherPackageData build/build_standalone.less
17 silly cache add args [ 'build/build_standalone.less', null ]
18 verbose cache add spec build/build_standalone.less
19 silly fetchNamedPackageData datetimepicker.css
20 silly mapToRegistry name datetimepicker.css
21 silly mapToRegistry using default registry
22 silly mapToRegistry registry https://registry.npmjs.org/
23 silly mapToRegistry data Result {
23 silly mapToRegistry   raw: 'datetimepicker.css',
23 silly mapToRegistry   scope: null,
23 silly mapToRegistry   escapedName: 'datetimepicker.css',
23 silly mapToRegistry   name: 'datetimepicker.css',
23 silly mapToRegistry   rawSpec: '',
23 silly mapToRegistry   spec: 'latest',
23 silly mapToRegistry   type: 'tag' }
24 silly mapToRegistry uri https://registry.npmjs.org/datetimepicker.css
25 verbose request uri https://registry.npmjs.org/lessc
26 verbose request no auth needed
27 info attempt registry request try #1 at 14:26:15
28 verbose request id c7339c4baf6b98be
29 http request GET https://registry.npmjs.org/lessc
30 silly cache add parsed spec Result {
30 silly cache add   raw: 'build/build_standalone.less',
30 silly cache add   scope: null,
30 silly cache add   escapedName: null,
30 silly cache add   name: null,
30 silly cache add   rawSpec: 'build/build_standalone.less',
30 silly cache add   spec: 'github:build/build_standalone.less',
30 silly cache add   type: 'hosted',
30 silly cache add   hosted:
30 silly cache add    { type: 'github',
30 silly cache add      ssh: 'git@github.com:build/build_standalone.less.git',
30 silly cache add      sshUrl: 'git+ssh://git@github.com/build/build_standalone.less.git',
30 silly cache add      httpsUrl: 'git+https://github.com/build/build_standalone.less.git',
30 silly cache add      gitUrl: 'git://github.com/build/build_standalone.less.git',
30 silly cache add      shortcut: 'github:build/build_standalone.less',
30 silly cache add      directUrl: 'https://raw.githubusercontent.com/build/build_standalone.less/master/package.json' } }
31 verbose addRemoteGit caching build/build_standalone.less
32 verbose addRemoteGit build/build_standalone.less is a repository hosted by github
33 silly tryGitProto attempting to clone git://github.com/build/build_standalone.less.git
34 silly tryClone cloning build/build_standalone.less via git://github.com/build/build_standalone.less.git
35 verbose tryClone git-github-com-build-build-standalone-less-git-0fde60de not in flight; caching
36 verbose correctMkdir /Users/zhaoqian/.npm/_git-remotes correctMkdir not in flight; initializing
37 verbose request uri https://registry.npmjs.org/datetimepicker.css
38 verbose request no auth needed
39 info attempt registry request try #1 at 14:26:15
40 http request GET https://registry.npmjs.org/datetimepicker.css
41 info git [ 'clone',
41 info git   '--template=/Users/zhaoqian/.npm/_git-remotes/_templates',
41 info git   '--mirror',
41 info git   'git://github.com/build/build_standalone.less.git',
41 info git   '/Users/zhaoqian/.npm/_git-remotes/git-github-com-build-build-standalone-less-git-0fde60de' ]
42 http 404 https://registry.npmjs.org/datetimepicker.css
43 verbose headers { date: 'Mon, 25 Jun 2018 06:26:16 GMT',
43 verbose headers   'content-type': 'application/json',
43 verbose headers   'content-length': '21',
43 verbose headers   connection: 'keep-alive',
43 verbose headers   'set-cookie': [ '__cfduid=d2ed25f77b673339801543ad3265184381529907976; expires=Tue, 25-Jun-19 06:26:16 GMT; path=/; domain=.registry.npmjs.org; HttpOnly' ],
43 verbose headers   'cache-control': 'max-age=300',
43 verbose headers   'cf-cache-status': 'MISS',
43 verbose headers   'cf-ray': '43055c94aa006d72-SJC',
43 verbose headers   'expect-ct': 'max-age=604800, report-uri="https://report-uri.cloudflare.com/cdn-cgi/beacon/expect-ct"',
43 verbose headers   vary: 'accept-encoding, accept',
43 verbose headers   server: 'cloudflare' }
44 silly get cb [ 404,
44 silly get   { date: 'Mon, 25 Jun 2018 06:26:16 GMT',
44 silly get     'content-type': 'application/json',
44 silly get     'content-length': '21',
44 silly get     connection: 'keep-alive',
44 silly get     'set-cookie': [ '__cfduid=d2ed25f77b673339801543ad3265184381529907976; expires=Tue, 25-Jun-19 06:26:16 GMT; path=/; domain=.registry.npmjs.org; HttpOnly' ],
44 silly get     'cache-control': 'max-age=300',
44 silly get     'cf-cache-status': 'MISS',
44 silly get     'cf-ray': '43055c94aa006d72-SJC',
44 silly get     'expect-ct': 'max-age=604800, report-uri="https://report-uri.cloudflare.com/cdn-cgi/beacon/expect-ct"',
44 silly get     vary: 'accept-encoding, accept',
44 silly get     server: 'cloudflare' } ]
45 silly fetchPackageMetaData Error: Not found : datetimepicker.css
45 silly fetchPackageMetaData     at makeError (/Users/zhaoqian/.nvm/versions/node/v6.9.2/lib/node_modules/npm/node_modules/npm-registry-client/lib/request.js:302:12)
45 silly fetchPackageMetaData     at CachingRegistryClient.<anonymous> (/Users/zhaoqian/.nvm/versions/node/v6.9.2/lib/node_modules/npm/node_modules/npm-registry-client/lib/request.js:290:14)
45 silly fetchPackageMetaData     at Request._callback (/Users/zhaoqian/.nvm/versions/node/v6.9.2/lib/node_modules/npm/node_modules/npm-registry-client/lib/request.js:210:14)
45 silly fetchPackageMetaData     at Request.self.callback (/Users/zhaoqian/.nvm/versions/node/v6.9.2/lib/node_modules/npm/node_modules/request/request.js:187:22)
45 silly fetchPackageMetaData     at emitTwo (events.js:106:13)
45 silly fetchPackageMetaData     at Request.emit (events.js:191:7)
45 silly fetchPackageMetaData     at Request.<anonymous> (/Users/zhaoqian/.nvm/versions/node/v6.9.2/lib/node_modules/npm/node_modules/request/request.js:1048:10)
45 silly fetchPackageMetaData     at emitOne (events.js:96:13)
45 silly fetchPackageMetaData     at Request.emit (events.js:188:7)
45 silly fetchPackageMetaData     at IncomingMessage.<anonymous> (/Users/zhaoqian/.nvm/versions/node/v6.9.2/lib/node_modules/npm/node_modules/request/request.js:969:12)
45 silly fetchPackageMetaData  error for datetimepicker.css { Error: Not found : datetimepicker.css
45 silly fetchPackageMetaData     at makeError (/Users/zhaoqian/.nvm/versions/node/v6.9.2/lib/node_modules/npm/node_modules/npm-registry-client/lib/request.js:302:12)
45 silly fetchPackageMetaData     at CachingRegistryClient.<anonymous> (/Users/zhaoqian/.nvm/versions/node/v6.9.2/lib/node_modules/npm/node_modules/npm-registry-client/lib/request.js:290:14)
45 silly fetchPackageMetaData     at Request._callback (/Users/zhaoqian/.nvm/versions/node/v6.9.2/lib/node_modules/npm/node_modules/npm-registry-client/lib/request.js:210:14)
45 silly fetchPackageMetaData     at Request.self.callback (/Users/zhaoqian/.nvm/versions/node/v6.9.2/lib/node_modules/npm/node_modules/request/request.js:187:22)
45 silly fetchPackageMetaData     at emitTwo (events.js:106:13)
45 silly fetchPackageMetaData     at Request.emit (events.js:191:7)
45 silly fetchPackageMetaData     at Request.<anonymous> (/Users/zhaoqian/.nvm/versions/node/v6.9.2/lib/node_modules/npm/node_modules/request/request.js:1048:10)
45 silly fetchPackageMetaData     at emitOne (events.js:96:13)
45 silly fetchPackageMetaData     at Request.emit (events.js:188:7)
45 silly fetchPackageMetaData     at IncomingMessage.<anonymous> (/Users/zhaoqian/.nvm/versions/node/v6.9.2/lib/node_modules/npm/node_modules/request/request.js:969:12) pkgid: 'datetimepicker.css', statusCode: 404, code: 'E404' }
46 http 404 https://registry.npmjs.org/lessc
47 verbose headers { date: 'Mon, 25 Jun 2018 06:26:16 GMT',
47 verbose headers   'content-type': 'application/json',
47 verbose headers   'content-length': '21',
47 verbose headers   connection: 'keep-alive',
47 verbose headers   'set-cookie': [ '__cfduid=d7bc3ad1b929b6c91359a5448804594b91529907976; expires=Tue, 25-Jun-19 06:26:16 GMT; path=/; domain=.registry.npmjs.org; HttpOnly' ],
47 verbose headers   'cache-control': 'max-age=300',
47 verbose headers   'cf-cache-status': 'MISS',
47 verbose headers   'cf-ray': '43055c966b56999d-LAX',
47 verbose headers   'expect-ct': 'max-age=604800, report-uri="https://report-uri.cloudflare.com/cdn-cgi/beacon/expect-ct"',
47 verbose headers   vary: 'accept-encoding, accept',
47 verbose headers   server: 'cloudflare' }
48 silly get cb [ 404,
48 silly get   { date: 'Mon, 25 Jun 2018 06:26:16 GMT',
48 silly get     'content-type': 'application/json',
48 silly get     'content-length': '21',
48 silly get     connection: 'keep-alive',
48 silly get     'set-cookie': [ '__cfduid=d7bc3ad1b929b6c91359a5448804594b91529907976; expires=Tue, 25-Jun-19 06:26:16 GMT; path=/; domain=.registry.npmjs.org; HttpOnly' ],
48 silly get     'cache-control': 'max-age=300',
48 silly get     'cf-cache-status': 'MISS',
48 silly get     'cf-ray': '43055c966b56999d-LAX',
48 silly get     'expect-ct': 'max-age=604800, report-uri="https://report-uri.cloudflare.com/cdn-cgi/beacon/expect-ct"',
48 silly get     vary: 'accept-encoding, accept',
48 silly get     server: 'cloudflare' } ]
49 silly fetchPackageMetaData Error: Not found : lessc
49 silly fetchPackageMetaData     at makeError (/Users/zhaoqian/.nvm/versions/node/v6.9.2/lib/node_modules/npm/node_modules/npm-registry-client/lib/request.js:302:12)
49 silly fetchPackageMetaData     at CachingRegistryClient.<anonymous> (/Users/zhaoqian/.nvm/versions/node/v6.9.2/lib/node_modules/npm/node_modules/npm-registry-client/lib/request.js:290:14)
49 silly fetchPackageMetaData     at Request._callback (/Users/zhaoqian/.nvm/versions/node/v6.9.2/lib/node_modules/npm/node_modules/npm-registry-client/lib/request.js:210:14)
49 silly fetchPackageMetaData     at Request.self.callback (/Users/zhaoqian/.nvm/versions/node/v6.9.2/lib/node_modules/npm/node_modules/request/request.js:187:22)
49 silly fetchPackageMetaData     at emitTwo (events.js:106:13)
49 silly fetchPackageMetaData     at Request.emit (events.js:191:7)
49 silly fetchPackageMetaData     at Request.<anonymous> (/Users/zhaoqian/.nvm/versions/node/v6.9.2/lib/node_modules/npm/node_modules/request/request.js:1048:10)
49 silly fetchPackageMetaData     at emitOne (events.js:96:13)
49 silly fetchPackageMetaData     at Request.emit (events.js:188:7)
49 silly fetchPackageMetaData     at IncomingMessage.<anonymous> (/Users/zhaoqian/.nvm/versions/node/v6.9.2/lib/node_modules/npm/node_modules/request/request.js:969:12)
49 silly fetchPackageMetaData  error for lessc { Error: Not found : lessc
49 silly fetchPackageMetaData     at makeError (/Users/zhaoqian/.nvm/versions/node/v6.9.2/lib/node_modules/npm/node_modules/npm-registry-client/lib/request.js:302:12)
49 silly fetchPackageMetaData     at CachingRegistryClient.<anonymous> (/Users/zhaoqian/.nvm/versions/node/v6.9.2/lib/node_modules/npm/node_modules/npm-registry-client/lib/request.js:290:14)
49 silly fetchPackageMetaData     at Request._callback (/Users/zhaoqian/.nvm/versions/node/v6.9.2/lib/node_modules/npm/node_modules/npm-registry-client/lib/request.js:210:14)
49 silly fetchPackageMetaData     at Request.self.callback (/Users/zhaoqian/.nvm/versions/node/v6.9.2/lib/node_modules/npm/node_modules/request/request.js:187:22)
49 silly fetchPackageMetaData     at emitTwo (events.js:106:13)
49 silly fetchPackageMetaData     at Request.emit (events.js:191:7)
49 silly fetchPackageMetaData     at Request.<anonymous> (/Users/zhaoqian/.nvm/versions/node/v6.9.2/lib/node_modules/npm/node_modules/request/request.js:1048:10)
49 silly fetchPackageMetaData     at emitOne (events.js:96:13)
49 silly fetchPackageMetaData     at Request.emit (events.js:188:7)
49 silly fetchPackageMetaData     at IncomingMessage.<anonymous> (/Users/zhaoqian/.nvm/versions/node/v6.9.2/lib/node_modules/npm/node_modules/request/request.js:969:12) pkgid: 'lessc', statusCode: 404, code: 'E404' }
50 verbose git clone --template=/Users/zhaoqian/.npm/_git-remotes/_templates --mirror git://github.com/build/build_standalone.less.git /Users/zhaoqian/.npm/_git-remotes/git-github-com-build-build-standalone-less-git-0fde60de: Cloning into bare repository '/Users/zhaoqian/.npm/_git-remotes/git-github-com-build-build-standalone-less-git-0fde60de'...
50 verbose git clone --template=/Users/zhaoqian/.npm/_git-remotes/_templates --mirror git://github.com/build/build_standalone.less.git /Users/zhaoqian/.npm/_git-remotes/git-github-com-build-build-standalone-less-git-0fde60de: fatal: remote error:
50 verbose git clone --template=/Users/zhaoqian/.npm/_git-remotes/_templates --mirror git://github.com/build/build_standalone.less.git /Users/zhaoqian/.npm/_git-remotes/git-github-com-build-build-standalone-less-git-0fde60de:   Repository not found.
51 silly tryHTTPS attempting to clone git+https://github.com/build/build_standalone.less.git
52 silly tryClone cloning build/build_standalone.less via git+https://github.com/build/build_standalone.less.git
53 verbose tryClone git-https-github-com-build-build-standalone-less-git-417dc61f not in flight; caching
54 verbose correctMkdir /Users/zhaoqian/.npm/_git-remotes correctMkdir not in flight; initializing
55 info git [ 'clone',
55 info git   '--template=/Users/zhaoqian/.npm/_git-remotes/_templates',
55 info git   '--mirror',
55 info git   'https://github.com/build/build_standalone.less.git',
55 info git   '/Users/zhaoqian/.npm/_git-remotes/git-https-github-com-build-build-standalone-less-git-417dc61f' ]
56 verbose git clone --template=/Users/zhaoqian/.npm/_git-remotes/_templates --mirror https://github.com/build/build_standalone.less.git /Users/zhaoqian/.npm/_git-remotes/git-https-github-com-build-build-standalone-less-git-417dc61f: Cloning into bare repository '/Users/zhaoqian/.npm/_git-remotes/git-https-github-com-build-build-standalone-less-git-417dc61f'...
56 verbose git clone --template=/Users/zhaoqian/.npm/_git-remotes/_templates --mirror https://github.com/build/build_standalone.less.git /Users/zhaoqian/.npm/_git-remotes/git-https-github-com-build-build-standalone-less-git-417dc61f: remote: Repository not found.
56 verbose git clone --template=/Users/zhaoqian/.npm/_git-remotes/_templates --mirror https://github.com/build/build_standalone.less.git /Users/zhaoqian/.npm/_git-remotes/git-https-github-com-build-build-standalone-less-git-417dc61f: fatal: repository 'https://github.com/build/build_standalone.less.git/' not found
57 silly trySSH attempting to clone git@github.com:build/build_standalone.less.git
58 silly tryClone cloning build/build_standalone.less via git@github.com:build/build_standalone.less.git
59 verbose tryClone git-github-com-build-build-standalone-less-git-7db47ade not in flight; caching
60 verbose correctMkdir /Users/zhaoqian/.npm/_git-remotes correctMkdir not in flight; initializing
61 info git [ 'clone',
61 info git   '--template=/Users/zhaoqian/.npm/_git-remotes/_templates',
61 info git   '--mirror',
61 info git   'git@github.com:build/build_standalone.less.git',
61 info git   '/Users/zhaoqian/.npm/_git-remotes/git-github-com-build-build-standalone-less-git-7db47ade' ]
62 error git clone --template=/Users/zhaoqian/.npm/_git-remotes/_templates --mirror git@github.com:build/build_standalone.less.git /Users/zhaoqian/.npm/_git-remotes/git-github-com-build-build-standalone-less-git-7db47ade: Cloning into bare repository '/Users/zhaoqian/.npm/_git-remotes/git-github-com-build-build-standalone-less-git-7db47ade'...
62 error git clone --template=/Users/zhaoqian/.npm/_git-remotes/_templates --mirror git@github.com:build/build_standalone.less.git /Users/zhaoqian/.npm/_git-remotes/git-github-com-build-build-standalone-less-git-7db47ade: Warning: Permanently added the RSA host key for IP address '52.74.223.119' to the list of known hosts.
62 error git clone --template=/Users/zhaoqian/.npm/_git-remotes/_templates --mirror git@github.com:build/build_standalone.less.git /Users/zhaoqian/.npm/_git-remotes/git-github-com-build-build-standalone-less-git-7db47ade: git@github.com: Permission denied (publickey).
62 error git clone --template=/Users/zhaoqian/.npm/_git-remotes/_templates --mirror git@github.com:build/build_standalone.less.git /Users/zhaoqian/.npm/_git-remotes/git-github-com-build-build-standalone-less-git-7db47ade: fatal: Could not read from remote repository.
62 error git clone --template=/Users/zhaoqian/.npm/_git-remotes/_templates --mirror git@github.com:build/build_standalone.less.git /Users/zhaoqian/.npm/_git-remotes/git-github-com-build-build-standalone-less-git-7db47ade:
62 error git clone --template=/Users/zhaoqian/.npm/_git-remotes/_templates --mirror git@github.com:build/build_standalone.less.git /Users/zhaoqian/.npm/_git-remotes/git-github-com-build-build-standalone-less-git-7db47ade: Please make sure you have the correct access rights
62 error git clone --template=/Users/zhaoqian/.npm/_git-remotes/_templates --mirror git@github.com:build/build_standalone.less.git /Users/zhaoqian/.npm/_git-remotes/git-github-com-build-build-standalone-less-git-7db47ade: and the repository exists.
63 silly fetchPackageMetaData Error: Command failed: git clone --template=/Users/zhaoqian/.npm/_git-remotes/_templates --mirror git@github.com:build/build_standalone.less.git /Users/zhaoqian/.npm/_git-remotes/git-github-com-build-build-standalone-less-git-7db47ade
63 silly fetchPackageMetaData Cloning into bare repository '/Users/zhaoqian/.npm/_git-remotes/git-github-com-build-build-standalone-less-git-7db47ade'...
63 silly fetchPackageMetaData Warning: Permanently added the RSA host key for IP address '52.74.223.119' to the list of known hosts.
63 silly fetchPackageMetaData git@github.com: Permission denied (publickey).
63 silly fetchPackageMetaData fatal: Could not read from remote repository.
63 silly fetchPackageMetaData
63 silly fetchPackageMetaData Please make sure you have the correct access rights
63 silly fetchPackageMetaData and the repository exists.
63 silly fetchPackageMetaData
63 silly fetchPackageMetaData     at ChildProcess.exithandler (child_process.js:206:12)
63 silly fetchPackageMetaData     at emitTwo (events.js:106:13)
63 silly fetchPackageMetaData     at ChildProcess.emit (events.js:191:7)
63 silly fetchPackageMetaData     at maybeClose (internal/child_process.js:877:16)
63 silly fetchPackageMetaData     at Process.ChildProcess._handle.onexit (internal/child_process.js:226:5)
63 silly fetchPackageMetaData  error for build/build_standalone.less { Error: Command failed: git clone --template=/Users/zhaoqian/.npm/_git-remotes/_templates --mirror git@github.com:build/build_standalone.less.git /Users/zhaoqian/.npm/_git-remotes/git-github-com-build-build-standalone-less-git-7db47ade
63 silly fetchPackageMetaData Cloning into bare repository '/Users/zhaoqian/.npm/_git-remotes/git-github-com-build-build-standalone-less-git-7db47ade'...
63 silly fetchPackageMetaData Warning: Permanently added the RSA host key for IP address '52.74.223.119' to the list of known hosts.
63 silly fetchPackageMetaData git@github.com: Permission denied (publickey).
63 silly fetchPackageMetaData fatal: Could not read from remote repository.
63 silly fetchPackageMetaData
63 silly fetchPackageMetaData Please make sure you have the correct access rights
63 silly fetchPackageMetaData and the repository exists.
63 silly fetchPackageMetaData
63 silly fetchPackageMetaData     at ChildProcess.exithandler (child_process.js:206:12)
63 silly fetchPackageMetaData     at emitTwo (events.js:106:13)
63 silly fetchPackageMetaData     at ChildProcess.emit (events.js:191:7)
63 silly fetchPackageMetaData     at maybeClose (internal/child_process.js:877:16)
63 silly fetchPackageMetaData     at Process.ChildProcess._handle.onexit (internal/child_process.js:226:5)
63 silly fetchPackageMetaData   killed: false,
63 silly fetchPackageMetaData   code: 128,
63 silly fetchPackageMetaData   signal: null,
63 silly fetchPackageMetaData   cmd: 'git clone --template=/Users/zhaoqian/.npm/_git-remotes/_templates --mirror git@github.com:build/build_standalone.less.git /Users/zhaoqian/.npm/_git-remotes/git-github-com-build-build-standalone-less-git-7db47ade' }
64 silly rollbackFailedOptional Starting
65 silly rollbackFailedOptional Finishing
66 silly runTopLevelLifecycles Finishing
67 silly install printInstalled
68 verbose stack Error: Not found : datetimepicker.css
68 verbose stack     at makeError (/Users/zhaoqian/.nvm/versions/node/v6.9.2/lib/node_modules/npm/node_modules/npm-registry-client/lib/request.js:302:12)
68 verbose stack     at CachingRegistryClient.<anonymous> (/Users/zhaoqian/.nvm/versions/node/v6.9.2/lib/node_modules/npm/node_modules/npm-registry-client/lib/request.js:290:14)
68 verbose stack     at Request._callback (/Users/zhaoqian/.nvm/versions/node/v6.9.2/lib/node_modules/npm/node_modules/npm-registry-client/lib/request.js:210:14)
68 verbose stack     at Request.self.callback (/Users/zhaoqian/.nvm/versions/node/v6.9.2/lib/node_modules/npm/node_modules/request/request.js:187:22)
68 verbose stack     at emitTwo (events.js:106:13)
68 verbose stack     at Request.emit (events.js:191:7)
68 verbose stack     at Request.<anonymous> (/Users/zhaoqian/.nvm/versions/node/v6.9.2/lib/node_modules/npm/node_modules/request/request.js:1048:10)
68 verbose stack     at emitOne (events.js:96:13)
68 verbose stack     at Request.emit (events.js:188:7)
68 verbose stack     at IncomingMessage.<anonymous> (/Users/zhaoqian/.nvm/versions/node/v6.9.2/lib/node_modules/npm/node_modules/request/request.js:969:12)
69 verbose statusCode 404
70 verbose pkgid datetimepicker.css
71 verbose cwd /Users/zhaoqian/Desktop/new/JKXM
72 error Darwin 17.4.0
73 error argv "/Users/zhaoqian/.nvm/versions/node/v6.9.2/bin/node" "/Users/zhaoqian/.nvm/versions/node/v6.9.2/bin/npm" "i" "lessc" "build/build_standalone.less" "datetimepicker.css"
74 error node v6.9.2
75 error npm  v3.10.9
76 error code E404
77 error 404 Not found : datetimepicker.css
78 error 404
79 error 404 'datetimepicker.css' is not in the npm registry.
80 error 404 You should bug the author to publish it (or use the name yourself!)
81 error 404 Note that you can also install from a
82 error 404 tarball, folder, http url, or git url.
83 verbose exit [ 1, true ]
